15:58:40,279  INFO CRSApplicationClient,main:42 - 
===================!WELCOME TO CRS APPLICATION!====================
=======================24-08-2023 15:58:40========================
|====================================|
|         Enter you choice:          |
|         1. Student Registration    |
|         2. Login                   |
|         3. Update Password         |
|         4. Exit                    |
|====================================|
15:58:47,506  INFO CRSApplicationClient,main:73 - 
-----------------Login------------------
15:58:47,506  INFO CRSApplicationClient,main:74 - Email:
15:58:50,859  INFO CRSApplicationClient,main:76 - Password:
15:58:52,481  INFO CRSApplicationClient,main:78 - Role:
1.Admin 
2.Professor 
3.Student
15:58:54,304  INFO CRSApplicationClient,main:123 - Failed to login, you have not been approved by the administration!
15:58:54,304  INFO CRSApplicationClient,main:42 - 
===================!WELCOME TO CRS APPLICATION!====================
=======================24-08-2023 15:58:54========================
|====================================|
|         Enter you choice:          |
|         1. Student Registration    |
|         2. Login                   |
|         3. Update Password         |
|         4. Exit                    |
|====================================|
15:58:57,795  INFO CRSApplicationClient,main:60 - Exit!
