11:20:17,922  INFO CRSApplicationClient,main:49 - ===================!WELCOME TO CRS APPLICATION!====================
11:20:17,924  INFO CRSApplicationClient,main:50 - =======================18-08-2023 11:20:17========================



11:20:17,924  INFO CRSApplicationClient,main:51 - ======================================
11:20:17,924  INFO CRSApplicationClient,main:52 - |         Enter you choice:          |
11:20:17,924  INFO CRSApplicationClient,main:53 - |         1. Student Registration    |
|         2. Login                   |
|         3. Update Password         |
|         4. Exit                    |
11:20:17,924  INFO CRSApplicationClient,main:54 - ======================================
11:20:35,017  INFO CRSApplicationClient,main:49 - ===================!WELCOME TO CRS APPLICATION!====================
11:20:35,021  INFO CRSApplicationClient,main:50 - =======================18-08-2023 11:20:35========================



11:20:35,021  INFO CRSApplicationClient,main:51 - ======================================
11:20:35,021  INFO CRSApplicationClient,main:52 - |         Enter you choice:          |
11:20:35,021  INFO CRSApplicationClient,main:53 - |         1. Student Registration    |
|         2. Login                   |
|         3. Update Password         |
|         4. Exit                    |
11:20:35,021  INFO CRSApplicationClient,main:54 - ======================================
11:20:35,944  INFO CRSApplicationClient,main:49 - ===================!WELCOME TO CRS APPLICATION!====================
11:20:35,945  INFO CRSApplicationClient,main:50 - =======================18-08-2023 11:20:35========================



11:20:35,945  INFO CRSApplicationClient,main:51 - ======================================
11:20:35,945  INFO CRSApplicationClient,main:52 - |         Enter you choice:          |
11:20:35,945  INFO CRSApplicationClient,main:53 - |         1. Student Registration    |
|         2. Login                   |
|         3. Update Password         |
|         4. Exit                    |
11:20:35,945  INFO CRSApplicationClient,main:54 - ======================================
11:20:36,756  INFO CRSApplicationClient,main:49 - ===================!WELCOME TO CRS APPLICATION!====================
11:20:36,758  INFO CRSApplicationClient,main:50 - =======================18-08-2023 11:20:36========================



11:20:36,759  INFO CRSApplicationClient,main:51 - ======================================
11:20:36,759  INFO CRSApplicationClient,main:52 - |         Enter you choice:          |
11:20:36,759  INFO CRSApplicationClient,main:53 - |         1. Student Registration    |
|         2. Login                   |
|         3. Update Password         |
|         4. Exit                    |
11:20:36,759  INFO CRSApplicationClient,main:54 - ======================================
11:20:52,931  INFO CRSApplicationClient,main:49 - ===================!WELCOME TO CRS APPLICATION!====================
11:20:52,932  INFO CRSApplicationClient,main:50 - =======================18-08-2023 11:20:52========================



11:20:52,934  INFO CRSApplicationClient,main:51 - ======================================
11:20:52,935  INFO CRSApplicationClient,main:52 - |         Enter you choice:          |
11:20:52,935  INFO CRSApplicationClient,main:53 - |         1. Student Registration    |
|         2. Login                   |
|         3. Update Password         |
|         4. Exit                    |
11:20:52,938  INFO CRSApplicationClient,main:54 - ======================================
